<?xml version="1.0" encoding="UTF-8"?>
<testng-results ignored="0" total="1" passed="1" failed="0" skipped="0">
  <reporter-output>
  </reporter-output>
  <suite started-at="2024-02-25T21:36:28 CST" name="Default suite" finished-at="2024-02-25T21:36:29 CST" duration-ms="936">
    <groups>
      <group name="cucumber">
        <method signature="AbstractTestNGCucumberTests.runScenario(io.cucumber.testng.PickleWrapper,io.cucumber.testng.FeatureWrapper)[pri:0, instance:com.Salesforce.cucumber.runnerfiles.SaleforceRunner@6989da5e]" name="runScenario" class="io.cucumber.testng.AbstractTestNGCucumberTests"/>
      </group> <!-- cucumber -->
    </groups>
    <test started-at="2024-02-25T21:36:28 CST" name="Default test" finished-at="2024-02-25T21:36:29 CST" duration-ms="936">
      <class name="com.Salesforce.cucumber.runnerfiles.SaleforceRunner">
        <test-method is-config="true" signature="setUpClass(org.testng.ITestContext)[pri:0, instance:com.Salesforce.cucumber.runnerfiles.SaleforceRunner@6989da5e]" started-at="2024-02-25T21:36:28 CST" name="setUpClass" finished-at="2024-02-25T21:36:29 CST" duration-ms="683" status="PASS">
          <params>
            <param index="0">
              <value>
                <![CDATA[org.testng.TestRunner@560513ce]]>
              </value>
            </param>
          </params>
          <reporter-output>
          </reporter-output>
        </test-method> <!-- setUpClass -->
        <test-method signature="runScenario(io.cucumber.testng.PickleWrapper,io.cucumber.testng.FeatureWrapper)[pri:0, instance:com.Salesforce.cucumber.runnerfiles.SaleforceRunner@6989da5e]" started-at="2024-02-25T21:36:29 CST" name="runScenario" description="Runs Cucumber Scenarios" data-provider="scenarios" finished-at="2024-02-25T21:36:29 CST" duration-ms="141" status="PASS">
          <params>
            <param index="0">
              <value>
                <![CDATA["Verify Password reset message"]]>
              </value>
            </param>
            <param index="1">
              <value>
                <![CDATA["Salesfoce Login"]]>
              </value>
            </param>
          </params>
          <reporter-output>
          </reporter-output>
        </test-method> <!-- runScenario -->
        <test-method is-config="true" signature="tearDownClass()[pri:0, instance:com.Salesforce.cucumber.runnerfiles.SaleforceRunner@6989da5e]" started-at="2024-02-25T21:36:29 CST" name="tearDownClass" finished-at="2024-02-25T21:36:29 CST" duration-ms="34" status="PASS">
          <reporter-output>
          </reporter-output>
        </test-method> <!-- tearDownClass -->
      </class> <!-- com.Salesforce.cucumber.runnerfiles.SaleforceRunner -->
    </test> <!-- Default test -->
  </suite> <!-- Default suite -->
</testng-results>
